
> vibe-generated-app@1.0.0 dev
> vite


  VITE v5.4.20  ready in 269 ms

  ➜  Local:   http://localhost:3000/
  ➜  Network: http://172.20.5.189:3000/
7:49:54 PM [vite] Pre-transform error: Transform failed with 2 errors:
/home/workspace/src/components/Sections.jsx:26:6: ERROR: Unexpected closing "section" tag does not match opening "div" tag
/home/workspace/src/components/Sections.jsx:31:8: ERROR: Expected "}" but found ":"
7:49:55 PM [vite] ✨ new dependencies optimized: framer-motion, @splinetool/react-spline, lucide-react
7:49:55 PM [vite] ✨ optimized dependencies changed. reloading
7:49:55 PM [vite] Pre-transform error: Transform failed with 2 errors:
/home/workspace/src/components/Sections.jsx:26:6: ERROR: Unexpected closing "section" tag does not match opening "div" tag
/home/workspace/src/components/Sections.jsx:31:8: ERROR: Expected "}" but found ":"
7:49:59 PM [vite] Internal server error: Transform failed with 2 errors:
/home/workspace/src/components/Sections.jsx:26:6: ERROR: Unexpected closing "section" tag does not match opening "div" tag
/home/workspace/src/components/Sections.jsx:31:8: ERROR: Expected "}" but found ":"
  Plugin: vite:esbuild
  File: /home/workspace/src/components/Sections.jsx:26:6
  
  Unexpected closing "section" tag does not match opening "div" tag
  24 |            ))}
  25 |        </div>
  26 |      </section>
     |        ^
  27 |    );
  28 |  }
  
  Expected "}" but found ":"
  29 |  
  30 |  const players = [
  31 |    { name: 'RAVEN', role: 'Entry Fragger', img: 'https://images.unsplash.com/photo-1547097465-5976d421f857?q=80&w=1200&auto=format&fit=crop' },
     |          ^
  32 |    { name: 'NYX', role: 'IGL', img: 'https://images.unsplash.com/photo-1556157382-97eda2d62296?q=80&w=1200&auto=format&fit=crop' },
  33 |    { name: 'VOLT', role: 'Sniper', img: 'https://images.unsplash.com/photo-1556157381-36ad9a1e0432?q=80&w=1200&auto=format&fit=crop' },
  
      at failureErrorWithLog (/home/workspace/node_modules/esbuild/lib/main.js:1472:15)
      at /home/workspace/node_modules/esbuild/lib/main.js:755:50
      at responseCallbacks.<computed> (/home/workspace/node_modules/esbuild/lib/main.js:622:9)
      at handleIncomingPacket (/home/workspace/node_modules/esbuild/lib/main.js:677:12)
      at Socket.readFromStdout (/home/workspace/node_modules/esbuild/lib/main.js:600:7)
      at Socket.emit (node:events:508:28)
      at addChunk (node:internal/streams/readable:559:12)
      at readableAddChunkPushByteMode (node:internal/streams/readable:510:3)
      at Readable.push (node:internal/streams/readable:390:5)
      at Pipe.onStreamRead (node:internal/stream_base_commons:189:23)
7:50:19 PM [vite] Internal server error: Transform failed with 2 errors:
/home/workspace/src/components/Sections.jsx:26:6: ERROR: Unexpected closing "section" tag does not match opening "div" tag
/home/workspace/src/components/Sections.jsx:31:8: ERROR: Expected "}" but found ":"
  Plugin: vite:esbuild
  File: /home/workspace/src/components/Sections.jsx:26:6
  
  Unexpected closing "section" tag does not match opening "div" tag
  24 |            ))}
  25 |        </div>
  26 |      </section>
     |        ^
  27 |    );
  28 |  }
  
  Expected "}" but found ":"
  29 |  
  30 |  const players = [
  31 |    { name: 'RAVEN', role: 'Entry Fragger', img: 'https://images.unsplash.com/photo-1547097465-5976d421f857?q=80&w=1200&auto=format&fit=crop' },
     |          ^
  32 |    { name: 'NYX', role: 'IGL', img: 'https://images.unsplash.com/photo-1556157382-97eda2d62296?q=80&w=1200&auto=format&fit=crop' },
  33 |    { name: 'VOLT', role: 'Sniper', img: 'https://images.unsplash.com/photo-1556157381-36ad9a1e0432?q=80&w=1200&auto=format&fit=crop' },
  
      at failureErrorWithLog (/home/workspace/node_modules/esbuild/lib/main.js:1472:15)
      at /home/workspace/node_modules/esbuild/lib/main.js:755:50
      at responseCallbacks.<computed> (/home/workspace/node_modules/esbuild/lib/main.js:622:9)
      at handleIncomingPacket (/home/workspace/node_modules/esbuild/lib/main.js:677:12)
      at Socket.readFromStdout (/home/workspace/node_modules/esbuild/lib/main.js:600:7)
      at Socket.emit (node:events:508:28)
      at addChunk (node:internal/streams/readable:559:12)
      at readableAddChunkPushByteMode (node:internal/streams/readable:510:3)
      at Readable.push (node:internal/streams/readable:390:5)
      at Pipe.onStreamRead (node:internal/stream_base_commons:189:23)
